<?xml version="1.0" encoding="utf-8"?><testsuites name="pytest tests"><testsuite name="pytest" errors="0" failures="0" skipped="0" tests="14" time="2.974" timestamp="2026-02-27T20:46:35.245446+00:00" hostname="agent-env-541be4a7-682b-4066-be9b-7d7589717ffe"><testcase classname="tests.test_email_integration.TestHealthCheck" name="test_api_health" time="0.182" /><testcase classname="tests.test_email_integration.TestRegistrationWelcomeEmail" name="test_register_new_user_sends_welcome_email" time="0.176" /><testcase classname="tests.test_email_integration.TestRegistrationWelcomeEmail" name="test_register_duplicate_email_fails" time="0.119" /><testcase classname="tests.test_email_integration.TestForgotPasswordEmail" name="test_forgot_password_existing_user" time="0.312" /><testcase classname="tests.test_email_integration.TestForgotPasswordEmail" name="test_forgot_password_nonexistent_user" time="0.125" /><testcase classname="tests.test_email_integration.TestResetPassword" name="test_reset_password_invalid_token" time="0.187" /><testcase classname="tests.test_email_integration.TestResetPassword" name="test_reset_password_short_password" time="0.133" /><testcase classname="tests.test_email_integration.TestResetPasswordFlow" name="test_forgot_then_reset_flow" time="0.576" /><testcase classname="tests.test_email_integration.TestPaymentInvoiceEmail" name="test_payment_callback_endpoint_exists" time="0.276" /><testcase classname="tests.test_email_integration.TestPaymentInvoiceEmail" name="test_create_payment_endpoint" time="0.304" /><testcase classname="tests.test_email_integration.TestEmailServiceConfiguration" name="test_login_works" time="0.143" /><testcase classname="tests.test_email_integration.TestResetPasswordUI" name="test_reset_password_page_route" time="0.105" /><testcase classname="tests.test_email_integration.TestResetPasswordUI" name="test_reset_password_with_token_param" time="0.125" /><testcase classname="tests.test_email_integration.TestEmailTemplateContent" name="test_registration_returns_user_data" time="0.136" /></testsuite></testsuites>