<?xml version="1.0" encoding="utf-8"?><testsuites name="pytest tests"><testsuite name="pytest" errors="0" failures="0" skipped="0" tests="14" time="6.545" timestamp="2026-02-27T20:24:14.786038+00:00" hostname="agent-env-541be4a7-682b-4066-be9b-7d7589717ffe"><testcase classname="backend.tests.test_payment_bug_fix.TestPaymentBugFix" name="test_01_login_works" time="0.443" /><testcase classname="backend.tests.test_payment_bug_fix.TestPaymentBugFix" name="test_02_get_initial_balance" time="0.338" /><testcase classname="backend.tests.test_payment_bug_fix.TestPaymentBugFix" name="test_03_payment_creation_does_not_affect_balance" time="0.374" /><testcase classname="backend.tests.test_payment_bug_fix.TestPaymentBugFix" name="test_04_balance_endpoint_does_not_auto_confirm_pending" time="2.171" /><testcase classname="backend.tests.test_payment_bug_fix.TestPaymentBugFix" name="test_05_old_sync_payments_endpoint_removed" time="0.268" /><testcase classname="backend.tests.test_payment_bug_fix.TestPaymentBugFix" name="test_06_expire_pending_payments_does_not_add_balance" time="0.728" /><testcase classname="backend.tests.test_payment_bug_fix.TestPaymentBugFix" name="test_07_payment_status_endpoint_works" time="0.331" /><testcase classname="backend.tests.test_payment_bug_fix.TestPaymentBugFix" name="test_08_balance_transactions_endpoint_works" time="0.310" /><testcase classname="backend.tests.test_payment_bug_fix.TestPaymentBugFix" name="test_09_payment_callback_requires_valid_signature" time="0.394" /><testcase classname="backend.tests.test_payment_bug_fix.TestPaymentBugFix" name="test_10_full_payment_flow_without_completion" time="0.559" /><testcase classname="backend.tests.test_payment_bug_fix.TestPaymentEndpointSecurity" name="test_payment_create_requires_auth" time="0.129" /><testcase classname="backend.tests.test_payment_bug_fix.TestPaymentEndpointSecurity" name="test_balance_requires_auth" time="0.117" /><testcase classname="backend.tests.test_payment_bug_fix.TestPaymentEndpointSecurity" name="test_payment_status_requires_auth" time="0.118" /><testcase classname="backend.tests.test_payment_bug_fix.TestPaymentEndpointSecurity" name="test_expire_payments_requires_auth" time="0.126" /></testsuite></testsuites>